[09:37:06][INFO ][ContextLoader.java: 271] - Root WebApplicationContext: initialization started
[09:37:07][INFO ][ContextLoader.java: 307] - Root WebApplicationContext initialized in 593 ms
[09:37:07][INFO ][FrameworkServlet.java: 525] - Initializing Servlet 'appServlet'
[09:37:07][INFO ][FrameworkServlet.java: 547] - Completed initialization in 561 ms
[09:49:04][INFO ][ContextLoader.java: 271] - Root WebApplicationContext: initialization started
[09:49:04][INFO ][ContextLoader.java: 307] - Root WebApplicationContext initialized in 560 ms
[09:49:04][INFO ][FrameworkServlet.java: 525] - Initializing Servlet 'appServlet'
[09:49:05][INFO ][FrameworkServlet.java: 547] - Completed initialization in 542 ms
[10:52:22][INFO ][ContextLoader.java: 271] - Root WebApplicationContext: initialization started
[10:52:23][INFO ][ContextLoader.java: 307] - Root WebApplicationContext initialized in 606 ms
[10:52:23][INFO ][FrameworkServlet.java: 525] - Initializing Servlet 'appServlet'
[10:52:24][INFO ][FrameworkServlet.java: 547] - Completed initialization in 567 ms
[10:52:31][WARN ][DispatcherServlet.java: 1278] - No mapping for POST /first/ntop3.do
[11:10:07][INFO ][ContextLoader.java: 271] - Root WebApplicationContext: initialization started
[11:10:08][INFO ][ContextLoader.java: 307] - Root WebApplicationContext initialized in 567 ms
[11:10:08][INFO ][FrameworkServlet.java: 525] - Initializing Servlet 'appServlet'
[11:10:08][INFO ][FrameworkServlet.java: 547] - Completed initialization in 574 ms
[11:11:10][INFO ][ContextLoader.java: 271] - Root WebApplicationContext: initialization started
[11:11:10][INFO ][ContextLoader.java: 307] - Root WebApplicationContext initialized in 571 ms
[11:11:10][INFO ][FrameworkServlet.java: 525] - Initializing Servlet 'appServlet'
[11:11:11][INFO ][FrameworkServlet.java: 547] - Completed initialization in 590 ms
[11:13:52][INFO ][ContextLoader.java: 271] - Root WebApplicationContext: initialization started
[11:13:53][INFO ][ContextLoader.java: 307] - Root WebApplicationContext initialized in 568 ms
[11:13:53][INFO ][FrameworkServlet.java: 525] - Initializing Servlet 'appServlet'
[11:13:53][INFO ][FrameworkServlet.java: 547] - Completed initialization in 555 ms
[12:17:45][INFO ][ContextLoader.java: 271] - Root WebApplicationContext: initialization started
[12:17:45][WARN ][AbstractApplicationContext.java: 591] - Exception encountered during context initialization - cancelling refresh attempt: org.springframework.beans.factory.BeanCreationException: Error creating bean with name 'sqlSession' defined in class path resource [root-context.xml]: Invocation of init method failed; nested exception is org.springframework.core.NestedIOException: Failed to parse config resource: class path resource [mybatis-config.xml]; nested exception is org.apache.ibatis.builder.BuilderException: Error parsing SQL Mapper Configuration. Cause: org.apache.ibatis.builder.BuilderException: Error creating document instance.  Cause: org.xml.sax.SAXParseException; lineNumber: 23; columnNumber: 10; The content of element type "mapper" must match "(cache-ref|cache|resultMap*|parameterMap*|sql*|insert*|update*|delete*|select*)+".
[12:17:45][ERROR][ContextLoader.java: 313] - Context initialization failed
org.springframework.beans.factory.BeanCreationException: Error creating bean with name 'sqlSession' defined in class path resource [root-context.xml]: Invocation of init method failed; nested exception is org.springframework.core.NestedIOException: Failed to parse config resource: class path resource [mybatis-config.xml]; nested exception is org.apache.ibatis.builder.BuilderException: Error parsing SQL Mapper Configuration. Cause: org.apache.ibatis.builder.BuilderException: Error creating document instance.  Cause: org.xml.sax.SAXParseException; lineNumber: 23; columnNumber: 10; The content of element type "mapper" must match "(cache-ref|cache|resultMap*|parameterMap*|sql*|insert*|update*|delete*|select*)+".
	at org.springframework.beans.factory.support.AbstractAutowireCapableBeanFactory.initializeBean(AbstractAutowireCapableBeanFactory.java:1804)
	at org.springframework.beans.factory.support.AbstractAutowireCapableBeanFactory.doCreateBean(AbstractAutowireCapableBeanFactory.java:620)
	at org.springframework.beans.factory.support.AbstractAutowireCapableBeanFactory.createBean(AbstractAutowireCapableBeanFactory.java:542)
	at org.springframework.beans.factory.support.AbstractBeanFactory.lambda$doGetBean$0(AbstractBeanFactory.java:335)
	at org.springframework.beans.factory.support.DefaultSingletonBeanRegistry.getSingleton(DefaultSingletonBeanRegistry.java:234)
	at org.springframework.beans.factory.support.AbstractBeanFactory.doGetBean(AbstractBeanFactory.java:333)
	at org.springframework.beans.factory.support.AbstractBeanFactory.getBean(AbstractBeanFactory.java:208)
	at org.springframework.beans.factory.support.DefaultListableBeanFactory.preInstantiateSingletons(DefaultListableBeanFactory.java:934)
	at org.springframework.context.support.AbstractApplicationContext.finishBeanFactoryInitialization(AbstractApplicationContext.java:918)
	at org.springframework.context.support.AbstractApplicationContext.refresh(AbstractApplicationContext.java:583)
	at org.springframework.web.context.ContextLoader.configureAndRefreshWebApplicationContext(ContextLoader.java:401)
	at org.springframework.web.context.ContextLoader.initWebApplicationContext(ContextLoader.java:292)
	at org.springframework.web.context.ContextLoaderListener.contextInitialized(ContextLoaderListener.java:103)
	at org.apache.catalina.core.StandardContext.listenerStart(StandardContext.java:4007)
	at org.apache.catalina.core.StandardContext.startInternal(StandardContext.java:4448)
	at org.apache.catalina.util.LifecycleBase.start(LifecycleBase.java:164)
	at org.apache.catalina.core.ContainerBase$StartChild.call(ContainerBase.java:1203)
	at org.apache.catalina.core.ContainerBase$StartChild.call(ContainerBase.java:1193)
	at java.base/java.util.concurrent.FutureTask.run(FutureTask.java:264)
	at org.apache.tomcat.util.threads.InlineExecutorService.execute(InlineExecutorService.java:75)
	at java.base/java.util.concurrent.AbstractExecutorService.submit(AbstractExecutorService.java:140)
	at org.apache.catalina.core.ContainerBase.startInternal(ContainerBase.java:749)
	at org.apache.catalina.core.StandardHost.startInternal(StandardHost.java:721)
	at org.apache.catalina.util.LifecycleBase.start(LifecycleBase.java:164)
	at org.apache.catalina.core.ContainerBase$StartChild.call(ContainerBase.java:1203)
	at org.apache.catalina.core.ContainerBase$StartChild.call(ContainerBase.java:1193)
	at java.base/java.util.concurrent.FutureTask.run(FutureTask.java:264)
	at org.apache.tomcat.util.threads.InlineExecutorService.execute(InlineExecutorService.java:75)
	at java.base/java.util.concurrent.AbstractExecutorService.submit(AbstractExecutorService.java:140)
	at org.apache.catalina.core.ContainerBase.startInternal(ContainerBase.java:749)
	at org.apache.catalina.core.StandardEngine.startInternal(StandardEngine.java:211)
	at org.apache.catalina.util.LifecycleBase.start(LifecycleBase.java:164)
	at org.apache.catalina.core.StandardService.startInternal(StandardService.java:415)
	at org.apache.catalina.util.LifecycleBase.start(LifecycleBase.java:164)
	at org.apache.catalina.core.StandardServer.startInternal(StandardServer.java:878)
	at org.apache.catalina.util.LifecycleBase.start(LifecycleBase.java:164)
	at org.apache.catalina.startup.Catalina.start(Catalina.java:735)
	at java.base/jdk.internal.reflect.NativeMethodAccessorImpl.invoke0(Native Method)
	at java.base/jdk.internal.reflect.NativeMethodAccessorImpl.invoke(NativeMethodAccessorImpl.java:62)
	at java.base/jdk.internal.reflect.DelegatingMethodAccessorImpl.invoke(DelegatingMethodAccessorImpl.java:43)
	at java.base/java.lang.reflect.Method.invoke(Method.java:566)
	at org.apache.catalina.startup.Bootstrap.start(Bootstrap.java:345)
	at org.apache.catalina.startup.Bootstrap.main(Bootstrap.java:473)
Caused by: org.springframework.core.NestedIOException: Failed to parse config resource: class path resource [mybatis-config.xml]; nested exception is org.apache.ibatis.builder.BuilderException: Error parsing SQL Mapper Configuration. Cause: org.apache.ibatis.builder.BuilderException: Error creating document instance.  Cause: org.xml.sax.SAXParseException; lineNumber: 23; columnNumber: 10; The content of element type "mapper" must match "(cache-ref|cache|resultMap*|parameterMap*|sql*|insert*|update*|delete*|select*)+".
	at org.mybatis.spring.SqlSessionFactoryBean.buildSqlSessionFactory(SqlSessionFactoryBean.java:590)
	at org.mybatis.spring.SqlSessionFactoryBean.afterPropertiesSet(SqlSessionFactoryBean.java:491)
	at org.springframework.beans.factory.support.AbstractAutowireCapableBeanFactory.invokeInitMethods(AbstractAutowireCapableBeanFactory.java:1863)
	at org.springframework.beans.factory.support.AbstractAutowireCapableBeanFactory.initializeBean(AbstractAutowireCapableBeanFactory.java:1800)
	... 42 more
Caused by: org.apache.ibatis.builder.BuilderException: Error parsing SQL Mapper Configuration. Cause: org.apache.ibatis.builder.BuilderException: Error creating document instance.  Cause: org.xml.sax.SAXParseException; lineNumber: 23; columnNumber: 10; The content of element type "mapper" must match "(cache-ref|cache|resultMap*|parameterMap*|sql*|insert*|update*|delete*|select*)+".
	at org.apache.ibatis.builder.xml.XMLConfigBuilder.parseConfiguration(XMLConfigBuilder.java:122)
	at org.apache.ibatis.builder.xml.XMLConfigBuilder.parse(XMLConfigBuilder.java:99)
	at org.mybatis.spring.SqlSessionFactoryBean.buildSqlSessionFactory(SqlSessionFactoryBean.java:587)
	... 45 more
Caused by: org.apache.ibatis.builder.BuilderException: Error creating document instance.  Cause: org.xml.sax.SAXParseException; lineNumber: 23; columnNumber: 10; The content of element type "mapper" must match "(cache-ref|cache|resultMap*|parameterMap*|sql*|insert*|update*|delete*|select*)+".
	at org.apache.ibatis.parsing.XPathParser.createDocument(XPathParser.java:263)
	at org.apache.ibatis.parsing.XPathParser.<init>(XPathParser.java:127)
	at org.apache.ibatis.builder.xml.XMLMapperBuilder.<init>(XMLMapperBuilder.java:81)
	at org.apache.ibatis.builder.xml.XMLConfigBuilder.mapperElement(XMLConfigBuilder.java:376)
	at org.apache.ibatis.builder.xml.XMLConfigBuilder.parseConfiguration(XMLConfigBuilder.java:120)
	... 47 more
Caused by: org.xml.sax.SAXParseException; lineNumber: 23; columnNumber: 10; The content of element type "mapper" must match "(cache-ref|cache|resultMap*|parameterMap*|sql*|insert*|update*|delete*|select*)+".
	at java.xml/com.sun.org.apache.xerces.internal.util.ErrorHandlerWrapper.createSAXParseException(ErrorHandlerWrapper.java:204)
	at java.xml/com.sun.org.apache.xerces.internal.util.ErrorHandlerWrapper.error(ErrorHandlerWrapper.java:135)
	at java.xml/com.sun.org.apache.xerces.internal.impl.XMLErrorReporter.reportError(XMLErrorReporter.java:396)
	at java.xml/com.sun.org.apache.xerces.internal.impl.XMLErrorReporter.reportError(XMLErrorReporter.java:327)
	at java.xml/com.sun.org.apache.xerces.internal.impl.XMLErrorReporter.reportError(XMLErrorReporter.java:284)
	at java.xml/com.sun.org.apache.xerces.internal.impl.dtd.XMLDTDValidator.handleEndElement(XMLDTDValidator.java:1923)
	at java.xml/com.sun.org.apache.xerces.internal.impl.dtd.XMLDTDValidator.endElement(XMLDTDValidator.java:865)
	at java.xml/com.sun.org.apache.xerces.internal.impl.XMLDocumentFragmentScannerImpl.scanEndElement(XMLDocumentFragmentScannerImpl.java:1716)
	at java.xml/com.sun.org.apache.xerces.internal.impl.XMLDocumentFragmentScannerImpl$FragmentContentDriver.next(XMLDocumentFragmentScannerImpl.java:2881)
	at java.xml/com.sun.org.apache.xerces.internal.impl.XMLDocumentScannerImpl.next(XMLDocumentScannerImpl.java:605)
	at java.xml/com.sun.org.apache.xerces.internal.impl.XMLDocumentFragmentScannerImpl.scanDocument(XMLDocumentFragmentScannerImpl.java:534)
	at java.xml/com.sun.org.apache.xerces.internal.parsers.XML11Configuration.parse(XML11Configuration.java:888)
	at java.xml/com.sun.org.apache.xerces.internal.parsers.XML11Configuration.parse(XML11Configuration.java:824)
	at java.xml/com.sun.org.apache.xerces.internal.parsers.XMLParser.parse(XMLParser.java:141)
	at java.xml/com.sun.org.apache.xerces.internal.parsers.DOMParser.parse(DOMParser.java:246)
	at java.xml/com.sun.org.apache.xerces.internal.jaxp.DocumentBuilderImpl.parse(DocumentBuilderImpl.java:339)
	at org.apache.ibatis.parsing.XPathParser.createDocument(XPathParser.java:261)
	... 51 more
[12:18:32][INFO ][ContextLoader.java: 271] - Root WebApplicationContext: initialization started
[12:18:33][INFO ][ContextLoader.java: 307] - Root WebApplicationContext initialized in 672 ms
[12:18:33][INFO ][FrameworkServlet.java: 525] - Initializing Servlet 'appServlet'
[12:18:34][INFO ][FrameworkServlet.java: 547] - Completed initialization in 664 ms
[12:19:33][INFO ][ContextLoader.java: 271] - Root WebApplicationContext: initialization started
[12:19:34][INFO ][ContextLoader.java: 307] - Root WebApplicationContext initialized in 689 ms
[12:19:34][INFO ][FrameworkServlet.java: 525] - Initializing Servlet 'appServlet'
[12:19:34][INFO ][FrameworkServlet.java: 547] - Completed initialization in 671 ms
[12:19:39][INFO ][ContextLoader.java: 271] - Root WebApplicationContext: initialization started
[12:19:39][INFO ][ContextLoader.java: 307] - Root WebApplicationContext initialized in 561 ms
[12:19:39][INFO ][FrameworkServlet.java: 525] - Initializing Servlet 'appServlet'
[12:19:40][INFO ][FrameworkServlet.java: 547] - Completed initialization in 558 ms
[12:50:35][INFO ][ContextLoader.java: 271] - Root WebApplicationContext: initialization started
[12:50:35][INFO ][ContextLoader.java: 307] - Root WebApplicationContext initialized in 562 ms
[12:50:35][INFO ][FrameworkServlet.java: 525] - Initializing Servlet 'appServlet'
[12:50:36][INFO ][FrameworkServlet.java: 547] - Completed initialization in 579 ms
[15:52:27][INFO ][ContextLoader.java: 271] - Root WebApplicationContext: initialization started
[15:52:28][INFO ][ContextLoader.java: 307] - Root WebApplicationContext initialized in 555 ms
[15:52:28][INFO ][FrameworkServlet.java: 525] - Initializing Servlet 'appServlet'
[15:52:28][INFO ][FrameworkServlet.java: 547] - Completed initialization in 356 ms
[15:52:34][WARN ][DispatcherServlet.java: 1278] - No mapping for GET /tiggle/main.do
[15:52:34][WARN ][DispatcherServlet.java: 1278] - No mapping for GET /tiggle/main.do
[15:52:35][WARN ][DispatcherServlet.java: 1278] - No mapping for GET /tiggle/main.do
[15:52:35][WARN ][DispatcherServlet.java: 1278] - No mapping for GET /tiggle/main.do
[15:52:35][WARN ][DispatcherServlet.java: 1278] - No mapping for GET /tiggle/main.do
[15:52:35][WARN ][DispatcherServlet.java: 1278] - No mapping for GET /tiggle/main.do
[15:52:35][WARN ][DispatcherServlet.java: 1278] - No mapping for GET /tiggle/main.do
[15:52:49][INFO ][ContextLoader.java: 271] - Root WebApplicationContext: initialization started
[15:52:50][INFO ][ContextLoader.java: 307] - Root WebApplicationContext initialized in 496 ms
[15:52:50][INFO ][FrameworkServlet.java: 525] - Initializing Servlet 'appServlet'
[15:52:50][INFO ][FrameworkServlet.java: 547] - Completed initialization in 325 ms
[15:52:54][WARN ][DispatcherServlet.java: 1278] - No mapping for GET /tiggle/main.do
[15:52:55][WARN ][DispatcherServlet.java: 1278] - No mapping for GET /tiggle/main.do
[15:52:55][WARN ][DispatcherServlet.java: 1278] - No mapping for GET /tiggle/main.do
[15:52:55][WARN ][DispatcherServlet.java: 1278] - No mapping for GET /tiggle/main.do
[15:52:55][WARN ][DispatcherServlet.java: 1278] - No mapping for GET /tiggle/main.do
[15:53:16][INFO ][ContextLoader.java: 271] - Root WebApplicationContext: initialization started
[15:53:17][INFO ][ContextLoader.java: 307] - Root WebApplicationContext initialized in 623 ms
[15:53:17][INFO ][FrameworkServlet.java: 525] - Initializing Servlet 'appServlet'
[15:53:17][INFO ][FrameworkServlet.java: 547] - Completed initialization in 370 ms
[15:53:19][INFO ][ContextLoader.java: 271] - Root WebApplicationContext: initialization started
[15:53:20][INFO ][ContextLoader.java: 307] - Root WebApplicationContext initialized in 494 ms
[15:53:20][INFO ][FrameworkServlet.java: 525] - Initializing Servlet 'appServlet'
[15:53:20][INFO ][FrameworkServlet.java: 547] - Completed initialization in 319 ms
[15:53:24][WARN ][DispatcherServlet.java: 1278] - No mapping for GET /tiggle/main.do
[15:53:24][WARN ][DispatcherServlet.java: 1278] - No mapping for GET /tiggle/main.do
[15:53:25][WARN ][DispatcherServlet.java: 1278] - No mapping for GET /tiggle/main.do
[15:53:25][WARN ][DispatcherServlet.java: 1278] - No mapping for GET /tiggle/main.do
[15:53:25][WARN ][DispatcherServlet.java: 1278] - No mapping for GET /tiggle/main.do
[15:53:25][WARN ][DispatcherServlet.java: 1278] - No mapping for GET /tiggle/main.do
[15:53:25][WARN ][DispatcherServlet.java: 1278] - No mapping for GET /tiggle/main.do
[15:53:25][WARN ][DispatcherServlet.java: 1278] - No mapping for GET /tiggle/main.do
[15:53:25][WARN ][DispatcherServlet.java: 1278] - No mapping for GET /tiggle/main.do
[15:53:26][WARN ][DispatcherServlet.java: 1278] - No mapping for GET /tiggle/main.do
[15:53:26][WARN ][DispatcherServlet.java: 1278] - No mapping for GET /tiggle/main.do
[15:53:26][WARN ][DispatcherServlet.java: 1278] - No mapping for GET /tiggle/main.do
[15:53:26][WARN ][DispatcherServlet.java: 1278] - No mapping for GET /tiggle/main.do
[15:55:59][INFO ][ContextLoader.java: 271] - Root WebApplicationContext: initialization started
[15:55:59][INFO ][ContextLoader.java: 307] - Root WebApplicationContext initialized in 721 ms
[15:55:59][INFO ][FrameworkServlet.java: 525] - Initializing Servlet 'appServlet'
[15:56:00][INFO ][FrameworkServlet.java: 547] - Completed initialization in 331 ms
[15:56:10][WARN ][DispatcherServlet.java: 1278] - No mapping for GET /tiggle/main.do
[15:56:27][WARN ][DispatcherServlet.java: 1278] - No mapping for GET /tiggle/main.do
[15:56:58][INFO ][ContextLoader.java: 271] - Root WebApplicationContext: initialization started
[15:56:59][INFO ][ContextLoader.java: 307] - Root WebApplicationContext initialized in 500 ms
[15:56:59][INFO ][FrameworkServlet.java: 525] - Initializing Servlet 'appServlet'
[15:56:59][INFO ][FrameworkServlet.java: 547] - Completed initialization in 320 ms
[15:57:02][WARN ][DispatcherServlet.java: 1278] - No mapping for GET /tiggle/main.do
[15:57:02][WARN ][DispatcherServlet.java: 1278] - No mapping for GET /tiggle/main.do
[15:57:03][WARN ][DispatcherServlet.java: 1278] - No mapping for GET /tiggle/main.do
[15:57:03][WARN ][DispatcherServlet.java: 1278] - No mapping for GET /tiggle/main.do
[15:57:03][WARN ][DispatcherServlet.java: 1278] - No mapping for GET /tiggle/main.do
[15:57:03][WARN ][DispatcherServlet.java: 1278] - No mapping for GET /tiggle/main.do
[15:57:03][WARN ][DispatcherServlet.java: 1278] - No mapping for GET /tiggle/main.do
[15:57:03][WARN ][DispatcherServlet.java: 1278] - No mapping for GET /tiggle/main.do
[15:57:03][WARN ][DispatcherServlet.java: 1278] - No mapping for GET /tiggle/main.do
[15:57:03][WARN ][DispatcherServlet.java: 1278] - No mapping for GET /tiggle/main.do
[15:57:04][WARN ][DispatcherServlet.java: 1278] - No mapping for GET /tiggle/main.do
[15:57:04][WARN ][DispatcherServlet.java: 1278] - No mapping for GET /tiggle/main.do
[15:57:04][WARN ][DispatcherServlet.java: 1278] - No mapping for GET /tiggle/main.do
[16:02:43][INFO ][ContextLoader.java: 271] - Root WebApplicationContext: initialization started
[16:02:44][INFO ][ContextLoader.java: 307] - Root WebApplicationContext initialized in 500 ms
[16:02:44][INFO ][FrameworkServlet.java: 525] - Initializing Servlet 'appServlet'
[16:02:44][INFO ][FrameworkServlet.java: 547] - Completed initialization in 326 ms
[16:04:01][INFO ][ContextLoader.java: 271] - Root WebApplicationContext: initialization started
[16:04:02][INFO ][ContextLoader.java: 307] - Root WebApplicationContext initialized in 496 ms
[16:04:02][INFO ][FrameworkServlet.java: 525] - Initializing Servlet 'appServlet'
[16:04:02][INFO ][FrameworkServlet.java: 547] - Completed initialization in 325 ms
